{"level":"info","message":"Server started on port 3000!","timestamp":"2025-06-10 18:28:33"}
{"level":"info","message":"Server started on port 3000!","timestamp":"2025-06-10 18:28:39"}
{"level":"info","message":"POST /api/auth/login 200 - 113ms","timestamp":"2025-06-10 18:32:17"}
{"level":"info","message":"GET /api/books?page=2&limit=2 304 - 189ms","timestamp":"2025-06-10 18:32:20"}
{"level":"info","message":"GET /api/books/user 304 - 85ms","timestamp":"2025-06-10 18:32:22"}
{"level":"info","message":"POST /api/books 201 - 3025ms","timestamp":"2025-06-10 18:33:25"}
{"level":"info","message":"GET /api/books?page=1&limit=2 200 - 172ms","timestamp":"2025-06-10 18:33:36"}
{"level":"info","message":"Server started on port 3000!","timestamp":"2025-06-10 18:35:48"}
{"level":"info","message":"Server started on port 3000!","timestamp":"2025-06-10 18:39:22"}
{"level":"info","message":"Server started on port 3000!","timestamp":"2025-06-10 18:52:45"}
{"level":"info","message":"GET /api/books?page=1&limit=2 304 - 187ms","timestamp":"2025-06-10 18:54:55"}
{"level":"info","message":"GET /api/books/user 200 - 88ms","timestamp":"2025-06-10 18:54:59"}
{"level":"info","message":"POST /api/auth/login 200 - 116ms","timestamp":"2025-06-10 18:55:24"}
{"level":"info","message":"GET /api/books?page=2&limit=2 200 - 170ms","timestamp":"2025-06-10 18:55:26"}
{"level":"info","message":"GET /api/books?page=1&limit=2 304 - 175ms","timestamp":"2025-06-10 18:59:06"}
{"level":"info","message":"GET /api/books/user 304 - 85ms","timestamp":"2025-06-10 18:59:23"}
{"level":"info","message":"POST /api/books 201 - 1713ms","timestamp":"2025-06-10 19:00:23"}
{"level":"info","message":"GET /api/books?page=1&limit=2 200 - 160ms","timestamp":"2025-06-10 19:00:31"}
{"level":"info","message":"GET /api/books?page=1&limit=2 304 - 168ms","timestamp":"2025-06-10 19:00:35"}
{"level":"info","message":"GET /api/books/user 200 - 86ms","timestamp":"2025-06-10 19:00:51"}
{"level":"info","message":"POST /api/auth/login 400 - 102ms","timestamp":"2025-06-10 19:01:11"}
{"level":"info","message":"POST /api/auth/login 200 - 102ms","timestamp":"2025-06-10 19:01:21"}
{"level":"info","message":"GET /api/books?page=2&limit=2 200 - 172ms","timestamp":"2025-06-10 19:01:23"}
{"level":"info","message":"GET /api/books?page=3&limit=2 200 - 168ms","timestamp":"2025-06-10 19:01:32"}
{"level":"info","message":"POST /api/books 201 - 1895ms","timestamp":"2025-06-10 19:02:53"}
{"level":"info","message":"GET /api/books/user 200 - 86ms","timestamp":"2025-06-10 19:03:01"}
{"level":"info","message":"DELETE /api/books/6848572daddfd3f9244fc1d1 200 - 1055ms","timestamp":"2025-06-10 19:03:10"}
{"level":"info","message":"GET /api/books?page=1&limit=2 304 - 168ms","timestamp":"2025-06-10 19:03:17"}
{"level":"info","message":"POST /api/auth/register 400 - 3ms","timestamp":"2025-06-10 19:03:33"}
{"level":"info","message":"POST /api/auth/register 400 - 3ms","timestamp":"2025-06-10 19:03:47"}
{"level":"info","message":"POST /api/auth/login 200 - 111ms","timestamp":"2025-06-10 19:09:18"}
{"level":"info","message":"GET /api/books?page=2&limit=2 304 - 204ms","timestamp":"2025-06-10 19:09:20"}
{"level":"info","message":"GET /api/books?page=3&limit=2 304 - 153ms","timestamp":"2025-06-10 19:09:27"}
{"level":"info","message":"GET /api/books?page=1&limit=2 304 - 152ms","timestamp":"2025-06-10 19:13:00"}
{"level":"info","message":"GET /api/books?page=2&limit=2 304 - 163ms","timestamp":"2025-06-10 19:13:01"}
{"level":"info","message":"GET /api/books?page=3&limit=2 304 - 162ms","timestamp":"2025-06-10 19:13:02"}
{"level":"info","message":"GET /api/books?page=2&limit=2 304 - 164ms","timestamp":"2025-06-10 19:14:31"}
{"level":"info","message":"GET /api/books/user 200 - 86ms","timestamp":"2025-06-10 19:19:24"}
{"level":"info","message":"GET /api/books/user 304 - 86ms","timestamp":"2025-06-10 19:19:32"}
{"level":"info","message":"DELETE /api/books/6846c0f1a1727f9ed455baf4 200 - 1070ms","timestamp":"2025-06-10 19:19:48"}
{"level":"info","message":"POST /api/auth/login 400 - 42ms","timestamp":"2025-06-10 19:23:32"}
{"level":"info","message":"POST /api/auth/login 400 - 2ms","timestamp":"2025-06-10 19:25:03"}
{"level":"info","message":"POST /api/auth/login 400 - 41ms","timestamp":"2025-06-10 19:25:28"}
{"level":"info","message":"POST /api/auth/login 400 - 41ms","timestamp":"2025-06-10 19:26:20"}
{"level":"info","message":"POST /api/auth/login 400 - 40ms","timestamp":"2025-06-10 19:27:36"}
{"level":"info","message":"POST /api/auth/login 400 - 40ms","timestamp":"2025-06-10 19:38:46"}
{"level":"info","message":"POST /api/auth/login 400 - 41ms","timestamp":"2025-06-10 19:45:14"}
